# JRE version: OpenJDK Runtime Environment (8.0_242-b01) (build 1.8.0_242-release-1644-b01)
# Java VM: OpenJDK 64-Bit Server VM (25.242-b01 mixed mode windows-amd64 compressed oops)
Heap:
 PSYoungGen      total 460800K, used 224371K [0x00000000d5580000, 0x00000000f5380000, 0x0000000100000000)
  eden space 399360K, 48% used [0x00000000d5580000,0x00000000e120d230,0x00000000edb80000)
  from space 61440K, 50% used [0x00000000edb80000,0x00000000efa0fc58,0x00000000f1780000)
  to   space 48128K, 0% used [0x00000000f2480000,0x00000000f2480000,0x00000000f5380000)
 ParOldGen       total 326656K, used 111037K [0x0000000080000000, 0x0000000093f00000, 0x00000000d5580000)
  object space 326656K, 33% used [0x0000000080000000,0x0000000086c6f458,0x0000000093f00000)
 Metaspace       used 167311K, capacity 175642K, committed 178072K, reserved 1204224K
  class space    used 21239K, capacity 22695K, committed 23216K, reserved 1048576K
GC Heap History (10 events):
Event: 4006.073 GC heap before
{Heap before GC invocations=48 (full 5):
 PSYoungGen      total 477696K, used 415589K [0x00000000d5580000, 0x00000000f6c00000, 0x0000000100000000)
  eden space 408064K, 100% used [0x00000000d5580000,0x00000000ee400000,0x00000000ee400000)
  from space 69632K, 10% used [0x00000000f2800000,0x00000000f2f597c8,0x00000000f6c00000)
  to   space 69632K, 0% used [0x00000000ee400000,0x00000000ee400000,0x00000000f2800000)
 ParOldGen       total 326656K, used 110989K [0x0000000080000000, 0x0000000093f00000, 0x00000000d5580000)
  object space 326656K, 33% used [0x0000000080000000,0x0000000086c63458,0x0000000093f00000)
 Metaspace       used 158222K, capacity 165948K, committed 169368K, reserved 1196032K
  class space    used 20101K, capacity 21456K, committed 22192K, reserved 1048576K
Event: 4006.161 GC heap after
Heap after GC invocations=48 (full 5):
 PSYoungGen      total 477696K, used 16544K [0x00000000d5580000, 0x00000000f7c80000, 0x0000000100000000)
  eden space 408064K, 0% used [0x00000000d5580000,0x00000000d5580000,0x00000000ee400000)
  from space 69632K, 23% used [0x00000000ee400000,0x00000000ef428028,0x00000000f2800000)
  to   space 67072K, 0% used [0x00000000f3b00000,0x00000000f3b00000,0x00000000f7c80000)
 ParOldGen       total 326656K, used 110997K [0x0000000080000000, 0x0000000093f00000, 0x00000000d5580000)
  object space 326656K, 33% used [0x0000000080000000,0x0000000086c65458,0x0000000093f00000)
 Metaspace       used 158222K, capacity 165948K, committed 169368K, reserved 1196032K
  class space    used 20101K, capacity 21456K, committed 22192K, reserved 1048576K
}
Event: 4205.634 GC heap before
{Heap before GC invocations=49 (full 5):
 PSYoungGen      total 477696K, used 424608K [0x00000000d5580000, 0x00000000f7c80000, 0x0000000100000000)
  eden space 408064K, 100% used [0x00000000d5580000,0x00000000ee400000,0x00000000ee400000)
  from space 69632K, 23% used [0x00000000ee400000,0x00000000ef428028,0x00000000f2800000)
  to   space 67072K, 0% used [0x00000000f3b00000,0x00000000f3b00000,0x00000000f7c80000)
 ParOldGen       total 326656K, used 110997K [0x0000000080000000, 0x0000000093f00000, 0x00000000d5580000)
  object space 326656K, 33% used [0x0000000080000000,0x0000000086c65458,0x0000000093f00000)
 Metaspace       used 160151K, capacity 168164K, committed 171160K, reserved 1198080K
  class space    used 20381K, capacity 21774K, committed 22448K, reserved 1048576K
Event: 4205.825 GC heap after
Heap after GC invocations=49 (full 5):
 PSYoungGen      total 485888K, used 17110K [0x00000000d5580000, 0x00000000f7400000, 0x0000000100000000)
  eden space 427520K, 0% used [0x00000000d5580000,0x00000000d5580000,0x00000000ef700000)
  from space 58368K, 29% used [0x00000000f3b00000,0x00000000f4bb5950,0x00000000f7400000)
  to   space 64000K, 0% used [0x00000000ef700000,0x00000000ef700000,0x00000000f3580000)
 ParOldGen       total 326656K, used 111013K [0x0000000080000000, 0x0000000093f00000, 0x00000000d5580000)
  object space 326656K, 33% used [0x0000000080000000,0x0000000086c69458,0x0000000093f00000)
 Metaspace       used 160151K, capacity 168164K, committed 171160K, reserved 1198080K
  class space    used 20381K, capacity 21774K, committed 22448K, reserved 1048576K
}
Event: 18366.735 GC heap before
{Heap before GC invocations=50 (full 5):
 PSYoungGen      total 485888K, used 444630K [0x00000000d5580000, 0x00000000f7400000, 0x0000000100000000)
  eden space 427520K, 100% used [0x00000000d5580000,0x00000000ef700000,0x00000000ef700000)
  from space 58368K, 29% used [0x00000000f3b00000,0x00000000f4bb5950,0x00000000f7400000)
  to   space 64000K, 0% used [0x00000000ef700000,0x00000000ef700000,0x00000000f3580000)
 ParOldGen       total 326656K, used 111013K [0x0000000080000000, 0x0000000093f00000, 0x00000000d5580000)
  object space 326656K, 33% used [0x0000000080000000,0x0000000086c69458,0x0000000093f00000)
 Metaspace       used 164103K, capacity 172098K, committed 175000K, reserved 1202176K
  class space    used 20891K, capacity 22293K, committed 22960K, reserved 1048576K
Event: 18374.068 GC heap after
Heap after GC invocations=50 (full 5):
 PSYoungGen      total 433664K, used 20093K [0x00000000d5580000, 0x00000000f6000000, 0x0000000100000000)
  eden space 413184K, 0% used [0x00000000d5580000,0x00000000d5580000,0x00000000ee900000)
  from space 20480K, 98% used [0x00000000ef700000,0x00000000f0a9f538,0x00000000f0b00000)
  to   space 60928K, 0% used [0x00000000f2480000,0x00000000f2480000,0x00000000f6000000)
 ParOldGen       total 326656K, used 111021K [0x0000000080000000, 0x0000000093f00000, 0x00000000d5580000)
  object space 326656K, 33% used [0x0000000080000000,0x0000000086c6b458,0x0000000093f00000)
 Metaspace       used 164103K, capacity 172098K, committed 175000K, reserved 1202176K
  class space    used 20891K, capacity 22293K, committed 22960K, reserved 1048576K
}
Event: 18435.560 GC heap before
{Heap before GC invocations=51 (full 5):
 PSYoungGen      total 433664K, used 433277K [0x00000000d5580000, 0x00000000f6000000, 0x0000000100000000)
  eden space 413184K, 100% used [0x00000000d5580000,0x00000000ee900000,0x00000000ee900000)
  from space 20480K, 98% used [0x00000000ef700000,0x00000000f0a9f538,0x00000000f0b00000)
  to   space 60928K, 0% used [0x00000000f2480000,0x00000000f2480000,0x00000000f6000000)
 ParOldGen       total 326656K, used 111021K [0x0000000080000000, 0x0000000093f00000, 0x00000000d5580000)
  object space 326656K, 33% used [0x0000000080000000,0x0000000086c6b458,0x0000000093f00000)
 Metaspace       used 165748K, capacity 173860K, committed 176664K, reserved 1202176K
  class space    used 21064K, capacity 22520K, committed 23088K, reserved 1048576K
Event: 18435.781 GC heap after
Heap after GC invocations=51 (full 5):
 PSYoungGen      total 447488K, used 34826K [0x00000000d5580000, 0x00000000f5380000, 0x0000000100000000)
  eden space 399360K, 0% used [0x00000000d5580000,0x00000000d5580000,0x00000000edb80000)
  from space 48128K, 72% used [0x00000000f2480000,0x00000000f4682800,0x00000000f5380000)
  to   space 61440K, 0% used [0x00000000edb80000,0x00000000edb80000,0x00000000f1780000)
 ParOldGen       total 326656K, used 111029K [0x0000000080000000, 0x0000000093f00000, 0x00000000d5580000)
  object space 326656K, 33% used [0x0000000080000000,0x0000000086c6d458,0x0000000093f00000)
 Metaspace       used 165748K, capacity 173860K, committed 176664K, reserved 1202176K
  class space    used 21064K, capacity 22520K, committed 23088K, reserved 1048576K
}
Event: 18474.330 GC heap before
{Heap before GC invocations=52 (full 5):
 PSYoungGen      total 447488K, used 434186K [0x00000000d5580000, 0x00000000f5380000, 0x0000000100000000)
  eden space 399360K, 100% used [0x00000000d5580000,0x00000000edb80000,0x00000000edb80000)
  from space 48128K, 72% used [0x00000000f2480000,0x00000000f4682800,0x00000000f5380000)
  to   space 61440K, 0% used [0x00000000edb80000,0x00000000edb80000,0x00000000f1780000)
 ParOldGen       total 326656K, used 111029K [0x0000000080000000, 0x0000000093f00000, 0x00000000d5580000)
  object space 326656K, 33% used [0x0000000080000000,0x0000000086c6d458,0x0000000093f00000)
 Metaspace       used 167163K, capacity 175490K, committed 177816K, reserved 1204224K
  class space    used 21233K, capacity 22693K, committed 23216K, reserved 1048576K
Event: 18475.772 GC heap after
Heap after GC invocations=52 (full 5):
 PSYoungGen      total 460800K, used 31295K [0x00000000d5580000, 0x00000000f5380000, 0x0000000100000000)
  eden space 399360K, 0% used [0x00000000d5580000,0x00000000d5580000,0x00000000edb80000)
  from space 61440K, 50% used [0x00000000edb80000,0x00000000efa0fc58,0x00000000f1780000)
  to   space 48128K, 0% used [0x00000000f2480000,0x00000000f2480000,0x00000000f5380000)
 ParOldGen       total 326656K, used 111037K [0x0000000080000000, 0x0000000093f00000, 0x00000000d5580000)
  object space 326656K, 33% used [0x0000000080000000,0x0000000086c6f458,0x0000000093f00000)
 Metaspace       used 167163K, capacity 175490K, committed 177816K, reserved 1204224K
  class space    used 21233K, capacity 22693K, committed 23216K, reserved 1048576K
}

